# JRE version: Java(TM) SE Runtime Environment (17.0+35) (build 17+35-LTS-2724)
# Java VM: Java HotSpot(TM) 64-Bit Server VM (17+35-LTS-2724, mixed mode, emulated-client, sharing, tiered, compressed oops, compressed class ptrs, g1 gc, windows-amd64)
GC Precious Log:
 CPUs: 2 total, 2 available
 Memory: 16382M
 Large Page Support: Disabled
 NUMA Support: Disabled
 Compressed Oops: Enabled (Zero based)
 Heap Region Size: 2M
 Heap Min Capacity: 8M
 Heap Initial Capacity: 256M
 Heap Max Capacity: 4G
 Pre-touch: Disabled
 Parallel Workers: 2
 Concurrent Workers: 1
 Concurrent Refinement Workers: 2
 Periodic GC: Disabled
Heap:
 garbage-first heap   total 200704K, used 134497K [0x0000000700000000, 0x0000000800000000)
  region size 2048K, 43 young (88064K), 3 survivors (6144K)
 Metaspace       used 73698K, committed 74304K, reserved 1114112K
  class space    used 10478K, committed 10752K, reserved 1048576K
GC Heap History (20 events):
Event: 254.159 GC heap before
{Heap before GC invocations=30 (full 0):
 garbage-first heap   total 233472K, used 57726K [0x0000000700000000, 0x0000000800000000)
  region size 2048K, 7 young (14336K), 3 survivors (6144K)
 Metaspace       used 72657K, committed 73216K, reserved 1114112K
  class space    used 10375K, committed 10624K, reserved 1048576K
}
Event: 254.484 GC heap after
{Heap after GC invocations=31 (full 1):
 garbage-first heap   total 137216K, used 39520K [0x0000000700000000, 0x0000000800000000)
  region size 2048K, 0 young (0K), 0 survivors (0K)
 Metaspace       used 72539K, committed 73216K, reserved 1114112K
  class space    used 10349K, committed 10624K, reserved 1048576K
}
Event: 257.746 GC heap before
{Heap before GC invocations=31 (full 1):
 garbage-first heap   total 137216K, used 113248K [0x0000000700000000, 0x0000000800000000)
  region size 2048K, 37 young (75776K), 0 survivors (0K)
 Metaspace       used 72796K, committed 73344K, reserved 1114112K
  class space    used 10389K, committed 10624K, reserved 1048576K
}
Event: 257.763 GC heap after
{Heap after GC invocations=32 (full 1):
 garbage-first heap   total 137216K, used 44751K [0x0000000700000000, 0x0000000800000000)
  region size 2048K, 3 young (6144K), 3 survivors (6144K)
 Metaspace       used 72796K, committed 73344K, reserved 1114112K
  class space    used 10389K, committed 10624K, reserved 1048576K
}
Event: 260.430 GC heap before
{Heap before GC invocations=33 (full 1):
 garbage-first heap   total 137216K, used 110287K [0x0000000700000000, 0x0000000800000000)
  region size 2048K, 36 young (73728K), 3 survivors (6144K)
 Metaspace       used 73053K, committed 73600K, reserved 1114112K
  class space    used 10415K, committed 10688K, reserved 1048576K
}
Event: 260.470 GC heap after
{Heap after GC invocations=34 (full 1):
 garbage-first heap   total 137216K, used 45664K [0x0000000700000000, 0x0000000800000000)
  region size 2048K, 3 young (6144K), 3 survivors (6144K)
 Metaspace       used 73053K, committed 73600K, reserved 1114112K
  class space    used 10415K, committed 10688K, reserved 1048576K
}
Event: 263.212 GC heap before
{Heap before GC invocations=34 (full 1):
 garbage-first heap   total 137216K, used 113248K [0x0000000700000000, 0x0000000800000000)
  region size 2048K, 36 young (73728K), 3 survivors (6144K)
 Metaspace       used 73445K, committed 73984K, reserved 1114112K
  class space    used 10446K, committed 10688K, reserved 1048576K
}
Event: 263.246 GC heap after
{Heap after GC invocations=35 (full 1):
 garbage-first heap   total 137216K, used 49378K [0x0000000700000000, 0x0000000800000000)
  region size 2048K, 3 young (6144K), 3 survivors (6144K)
 Metaspace       used 73445K, committed 73984K, reserved 1114112K
  class space    used 10446K, committed 10688K, reserved 1048576K
}
Event: 266.089 GC heap before
{Heap before GC invocations=35 (full 1):
 garbage-first heap   total 137216K, used 112866K [0x0000000700000000, 0x0000000800000000)
  region size 2048K, 34 young (69632K), 3 survivors (6144K)
 Metaspace       used 73641K, committed 74240K, reserved 1114112K
  class space    used 10470K, committed 10752K, reserved 1048576K
}
Event: 266.129 GC heap after
{Heap after GC invocations=36 (full 1):
 garbage-first heap   total 165888K, used 53813K [0x0000000700000000, 0x0000000800000000)
  region size 2048K, 5 young (10240K), 5 survivors (10240K)
 Metaspace       used 73641K, committed 74240K, reserved 1114112K
  class space    used 10470K, committed 10752K, reserved 1048576K
}
Event: 267.458 GC heap before
{Heap before GC invocations=36 (full 1):
 garbage-first heap   total 165888K, used 131637K [0x0000000700000000, 0x0000000800000000)
  region size 2048K, 43 young (88064K), 5 survivors (10240K)
 Metaspace       used 73652K, committed 74240K, reserved 1114112K
  class space    used 10472K, committed 10752K, reserved 1048576K
}
Event: 267.489 GC heap after
{Heap after GC invocations=37 (full 1):
 garbage-first heap   total 165888K, used 54500K [0x0000000700000000, 0x0000000800000000)
  region size 2048K, 3 young (6144K), 3 survivors (6144K)
 Metaspace       used 73652K, committed 74240K, reserved 1114112K
  class space    used 10472K, committed 10752K, reserved 1048576K
}
Event: 268.245 GC heap before
{Heap before GC invocations=37 (full 1):
 garbage-first heap   total 165888K, used 134372K [0x0000000700000000, 0x0000000800000000)
  region size 2048K, 42 young (86016K), 3 survivors (6144K)
 Metaspace       used 73652K, committed 74240K, reserved 1114112K
  class space    used 10472K, committed 10752K, reserved 1048576K
}
Event: 268.265 GC heap after
{Heap after GC invocations=38 (full 1):
 garbage-first heap   total 165888K, used 54726K [0x0000000700000000, 0x0000000800000000)
  region size 2048K, 3 young (6144K), 3 survivors (6144K)
 Metaspace       used 73652K, committed 74240K, reserved 1114112K
  class space    used 10472K, committed 10752K, reserved 1048576K
}
Event: 268.894 GC heap before
{Heap before GC invocations=38 (full 1):
 garbage-first heap   total 165888K, used 136646K [0x0000000700000000, 0x0000000800000000)
  region size 2048K, 43 young (88064K), 3 survivors (6144K)
 Metaspace       used 73652K, committed 74240K, reserved 1114112K
  class space    used 10472K, committed 10752K, reserved 1048576K
}
Event: 268.912 GC heap after
{Heap after GC invocations=39 (full 1):
 garbage-first heap   total 165888K, used 54640K [0x0000000700000000, 0x0000000800000000)
  region size 2048K, 3 young (6144K), 3 survivors (6144K)
 Metaspace       used 73652K, committed 74240K, reserved 1114112K
  class space    used 10472K, committed 10752K, reserved 1048576K
}
Event: 269.653 GC heap before
{Heap before GC invocations=39 (full 1):
 garbage-first heap   total 165888K, used 136560K [0x0000000700000000, 0x0000000800000000)
  region size 2048K, 43 young (88064K), 3 survivors (6144K)
 Metaspace       used 73652K, committed 74240K, reserved 1114112K
  class space    used 10472K, committed 10752K, reserved 1048576K
}
Event: 269.672 GC heap after
{Heap after GC invocations=40 (full 1):
 garbage-first heap   total 200704K, used 54614K [0x0000000700000000, 0x0000000800000000)
  region size 2048K, 3 young (6144K), 3 survivors (6144K)
 Metaspace       used 73652K, committed 74240K, reserved 1114112K
  class space    used 10472K, committed 10752K, reserved 1048576K
}
Event: 270.945 GC heap before
{Heap before GC invocations=40 (full 1):
 garbage-first heap   total 200704K, used 167254K [0x0000000700000000, 0x0000000800000000)
  region size 2048K, 58 young (118784K), 3 survivors (6144K)
 Metaspace       used 73652K, committed 74240K, reserved 1114112K
  class space    used 10472K, committed 10752K, reserved 1048576K
}
Event: 270.967 GC heap after
{Heap after GC invocations=41 (full 1):
 garbage-first heap   total 200704K, used 54625K [0x0000000700000000, 0x0000000800000000)
  region size 2048K, 3 young (6144K), 3 survivors (6144K)
 Metaspace       used 73652K, committed 74240K, reserved 1114112K
  class space    used 10472K, committed 10752K, reserved 1048576K
}

